<?xml version="1.0" encoding="UTF-8"?>
<!-- Generated by org.testng.reporters.JUnitXMLReporter -->
<testsuite ignored="0" hostname="Aryans-MacBook-Pro.local" failures="0" tests="5" name="MyTests" time="8.766" errors="0" timestamp="2025-03-08T18:12:40 IST">
  <testcase classname="com.aryan.DatabaseConnectionTest" name="testDatabaseConnection" time="0.455"/>
  <testcase classname="com.aryan.SignupServletTest" name="testSignup" time="1.513"/>
  <testcase classname="com.aryan.LoginServletTest" name="testLoginSuccess" time="0.161"/>
  <testcase classname="io.cucumber.testng.AbstractTestNGCucumberTests" name="runScenario" time="4.297"/>
  <testcase classname="io.cucumber.testng.AbstractTestNGCucumberTests" name="runScenario" time="1.824"/>
</testsuite> <!-- MyTests -->
