<?xml version="1.0" encoding="UTF-8"?>
<!-- Generated by org.testng.reporters.JUnitXMLReporter -->
<testsuite ignored="0" hostname="Aryans-MacBook-Pro.local" failures="0" tests="3" name="MyTests" time="2.125" errors="0" timestamp="2025-01-09T10:37:42 IST">
  <testcase classname="com.aryan.DatabaseConnectionTest" name="testDatabaseConnection" time="0.312"/>
  <testcase classname="com.aryan.SignupServletTest" name="testSignup" time="1.251"/>
  <testcase classname="com.aryan.LoginServletTest" name="testLoginSuccess" time="0.125"/>
</testsuite> <!-- MyTests -->
