<?xml version="1.0" encoding="UTF-8"?>
<testng-results ignored="0" total="5" passed="5" failed="0" skipped="0">
  <reporter-output>
  </reporter-output>
  <suite started-at="2025-03-08T18:12:31 IST" name="MySuite" finished-at="2025-03-08T18:12:40 IST" duration-ms="8766">
    <groups>
      <group name="cucumber">
        <method signature="AbstractTestNGCucumberTests.runScenario(io.cucumber.testng.PickleWrapper,io.cucumber.testng.FeatureWrapper)[pri:0, instance:runners.TestRunner@1a451d4d]" name="runScenario" class="io.cucumber.testng.AbstractTestNGCucumberTests"/>
      </group> <!-- cucumber -->
    </groups>
    <test started-at="2025-03-08T18:12:31 IST" name="MyTests" finished-at="2025-03-08T18:12:40 IST" duration-ms="8766">
      <class name="com.aryan.DatabaseConnectionTest">
        <test-method signature="testDatabaseConnection()[pri:0, instance:com.aryan.DatabaseConnectionTest@2c767a52]" started-at="2025-03-08T18:12:31 IST" name="testDatabaseConnection" finished-at="2025-03-08T18:12:31 IST" duration-ms="455" status="PASS">
          <reporter-output>
          </reporter-output>
        </test-method> <!-- testDatabaseConnection -->
      </class> <!-- com.aryan.DatabaseConnectionTest -->
      <class name="com.aryan.LoginServletTest">
        <test-method signature="testLoginSuccess()[pri:0, instance:com.aryan.LoginServletTest@61df66b6]" started-at="2025-03-08T18:12:33 IST" name="testLoginSuccess" finished-at="2025-03-08T18:12:33 IST" duration-ms="161" status="PASS">
          <reporter-output>
          </reporter-output>
        </test-method> <!-- testLoginSuccess -->
      </class> <!-- com.aryan.LoginServletTest -->
      <class name="com.aryan.SignupServletTest">
        <test-method signature="testSignup()[pri:0, instance:com.aryan.SignupServletTest@291ae]" started-at="2025-03-08T18:12:31 IST" name="testSignup" finished-at="2025-03-08T18:12:33 IST" duration-ms="1513" status="PASS">
          <reporter-output>
          </reporter-output>
        </test-method> <!-- testSignup -->
      </class> <!-- com.aryan.SignupServletTest -->
      <class name="runners.TestRunner">
        <test-method is-config="true" signature="setUpClass(org.testng.ITestContext)[pri:0, instance:runners.TestRunner@1a451d4d]" started-at="2025-03-08T18:12:33 IST" name="setUpClass" finished-at="2025-03-08T18:12:34 IST" duration-ms="440" status="PASS">
          <params>
            <param index="0">
              <value>
                <![CDATA[org.testng.TestRunner@212e39ee]]>
              </value>
            </param>
          </params>
          <reporter-output>
          </reporter-output>
        </test-method> <!-- setUpClass -->
        <test-method signature="runScenario(io.cucumber.testng.PickleWrapper,io.cucumber.testng.FeatureWrapper)[pri:0, instance:runners.TestRunner@1a451d4d]" started-at="2025-03-08T18:12:34 IST" name="runScenario" description="Runs Cucumber Scenarios" data-provider="scenarios" finished-at="2025-03-08T18:12:38 IST" duration-ms="4297" status="PASS">
          <params>
            <param index="0">
              <value>
                <![CDATA["Successful signup with valid details"]]>
              </value>
            </param>
            <param index="1">
              <value>
                <![CDATA["User Signup"]]>
              </value>
            </param>
          </params>
          <reporter-output>
          </reporter-output>
        </test-method> <!-- runScenario -->
        <test-method signature="runScenario(io.cucumber.testng.PickleWrapper,io.cucumber.testng.FeatureWrapper)[pri:0, instance:runners.TestRunner@1a451d4d]" started-at="2025-03-08T18:12:38 IST" name="runScenario" description="Runs Cucumber Scenarios" data-provider="scenarios" finished-at="2025-03-08T18:12:40 IST" duration-ms="1824" status="PASS">
          <params>
            <param index="0">
              <value>
                <![CDATA["Successful login with valid credentials"]]>
              </value>
            </param>
            <param index="1">
              <value>
                <![CDATA["Login functionality"]]>
              </value>
            </param>
          </params>
          <reporter-output>
          </reporter-output>
        </test-method> <!-- runScenario -->
        <test-method is-config="true" signature="tearDownClass()[pri:0, instance:runners.TestRunner@1a451d4d]" started-at="2025-03-08T18:12:40 IST" name="tearDownClass" finished-at="2025-03-08T18:12:40 IST" duration-ms="28" status="PASS">
          <reporter-output>
          </reporter-output>
        </test-method> <!-- tearDownClass -->
      </class> <!-- runners.TestRunner -->
    </test> <!-- MyTests -->
  </suite> <!-- MySuite -->
</testng-results>
