<?xml version="1.0" encoding="UTF-8"?>
<testng-results ignored="0" total="1" passed="1" failed="0" skipped="0">
  <reporter-output>
  </reporter-output>
  <suite started-at="2024-12-29T22:12:09 IST" name="MySuite" finished-at="2024-12-29T22:12:09 IST" duration-ms="588">
    <groups>
    </groups>
    <test started-at="2024-12-29T22:12:09 IST" name="MyTests" finished-at="2024-12-29T22:12:09 IST" duration-ms="588">
      <class name="com.aryan.DatabaseConnectionTest">
        <test-method signature="testDatabaseConnection()[pri:0, instance:com.aryan.DatabaseConnectionTest@1184ab05]" started-at="2024-12-29T22:12:09 IST" name="testDatabaseConnection" finished-at="2024-12-29T22:12:09 IST" duration-ms="556" status="PASS">
          <reporter-output>
          </reporter-output>
        </test-method> <!-- testDatabaseConnection -->
      </class> <!-- com.aryan.DatabaseConnectionTest -->
    </test> <!-- MyTests -->
  </suite> <!-- MySuite -->
</testng-results>
