<?xml version="1.0" encoding="UTF-8"?>
<testsuite xmlns:xsi="http://www.w3.org/2001/XMLSchema-instance" xsi:noNamespaceSchemaLocation="https://maven.apache.org/surefire/maven-surefire-plugin/xsd/surefire-test-report-3.0.xsd" version="3.0" name="TestSuite" time="2.797" tests="3" errors="0" skipped="0" failures="0">
  <properties>
[...]
</properties>
  <testcase name="testDatabaseConnection" classname="com.aryan.DatabaseConnectionTest" time="0.481">
    <system-err><![CDATA[[main] WARN org.testng.xml.TestNGContentHandler - It is strongly recommended to add "<!DOCTYPE suite SYSTEM "https://testng.org/testng-1.1.dtd" >" at the top of the suite file [/Users/aryanchoudhary/IdeaProjects/Deployment_project/src/test/resources/testng.xml] otherwise TestNG may fail or not work as expected.
]]></system-err>
  </testcase>
  <testcase name="testSignup" classname="com.aryan.SignupServletTest" time="1.628">
    <system-err><![CDATA[WARNING: A Java agent has been loaded dynamically (/Users/aryanchoudhary/.m2/repository/net/bytebuddy/byte-buddy-agent/1.14.6/byte-buddy-agent-1.14.6.jar)
WARNING: If a serviceability tool is in use, please run with -XX:+EnableDynamicAgentLoading to hide this warning
WARNING: If a serviceability tool is not in use, please run with -Djdk.instrument.traceUsage for more information
WARNING: Dynamic loading of agents will be disallowed by default in a future release
]]></system-err>
  </testcase>
  <testcase name="testLoginSuccess" classname="com.aryan.LoginServletTest" time="0.164"/>
</testsuite>